<?xml version="1.0" encoding="UTF-8"?>
<!-- Generated by org.testng.reporters.JUnitXMLReporter -->
<testsuite hostname="DESKTOP-TB4JQJH" ignored="0" name="Default test" tests="6" failures="0" timestamp="2021-05-12T14:49:49 IST" time="58.718" errors="0">
  <testcase name="amfiURLAccessCheck" time="0.01" classname="TestCases.amcIdentification2"/>
  <testcase name="amfiURLAccessCheck" time="4.925" classname="TestCases.amcIdentification2"/>
  <testcase name="amfiURLAccessCheck" time="4.946" classname="TestCases.amcIdentification2"/>
  <testcase name="amfiURLAccessCheck" time="0.001" classname="TestCases.amcIdentification2"/>
  <testcase name="amfiURLAccessCheck" time="0.002" classname="TestCases.amcIdentification2"/>
  <testcase name="amfiURLAccessCheck" time="0.002" classname="TestCases.amcIdentification2"/>
</testsuite> <!-- Default test -->
